<?xml version="1.0" encoding="UTF-8"?>
<!-- Generated by org.testng.reporters.JUnitXMLReporter -->
<testsuite ignored="0" hostname="DESKTOP-C6KC6SO" failures="1" tests="6" name="Test" time="54.982" errors="0" timestamp="2022-10-10T16:23:11 IST">
  <testcase classname="testClasses.VerifyUserCanLogin" name="VerifyUserCanLogIn" time="3.749">
    <failure type="java.lang.AssertionError" message="Profile name is not matching did not expect [Ankit] but found [Ankit]">
      <![CDATA[java.lang.AssertionError: Profile name is not matching did not expect [Ankit] but found [Ankit]
at testClasses.VerifyUserCanLogin.VerifyUserCanLogIn(VerifyUserCanLogin.java:65)
at java.base/java.util.ArrayList.forEach(ArrayList.java:1511)
... Removed 31 stack frames]]>
    </failure>
  </testcase> <!-- VerifyUserCanLogIn -->
  <testcase classname="testClasses.VerifyUserCanGetLowestPriceProduct" name="VerifyUserCanSearchProduct" time="7.615"/>
  <testcase classname="testClasses.VerifyUserCanGetLowestPriceProduct" name="VerifyUserCanGetLowestPriceProductFromEachPage" time="8.747"/>
  <testcase classname="testClasses.VerifyUserCanAddNewAddress" name="verifyUserCanOpenProfilePage" time="11.406"/>
  <testcase classname="testClasses.VerifyUserCanAddNewAddress" name="addNewAddress" time="2.238"/>
  <testcase classname="testClasses.VerifyUserCanAddNewAddress" name="addNewAddress" time="2.013"/>
</testsuite> <!-- Test -->
